<?xml version="1.0" encoding="UTF-8"?>
<testsuite xmlns:xsi="http://www.w3.org/2001/XMLSchema-instance" xsi:noNamespaceSchemaLocation="https://maven.apache.org/surefire/maven-surefire-plugin/xsd/surefire-test-report.xsd" name="TestSuite" time="3.102" tests="17" errors="0" skipped="16" failures="1">
  <properties>
    <property name="sun.desktop" value="windows"/>
    <property name="awt.toolkit" value="sun.awt.windows.WToolkit"/>
    <property name="file.encoding.pkg" value="sun.io"/>
    <property name="java.specification.version" value="1.8"/>
    <property name="sun.cpu.isalist" value="amd64"/>
    <property name="sun.jnu.encoding" value="Cp1252"/>
    <property name="java.class.path" value="C:\Users\snoim\OneDrive\Desktop\Automation\Java_AutomationFinalProject\target\test-classes;C:\Users\snoim\OneDrive\Desktop\Automation\Java_AutomationFinalProject\target\classes;C:\Users\snoim\.m2\repository\io\github\bonigarcia\webdrivermanager\5.0.3\webdrivermanager-5.0.3.jar;C:\Users\snoim\.m2\repository\org\slf4j\slf4j-api\1.7.32\slf4j-api-1.7.32.jar;C:\Users\snoim\.m2\repository\com\google\code\gson\gson\2.8.8\gson-2.8.8.jar;C:\Users\snoim\.m2\repository\org\jsoup\jsoup\1.14.2\jsoup-1.14.2.jar;C:\Users\snoim\.m2\repository\com\github\docker-java\docker-java\3.2.12\docker-java-3.2.12.jar;C:\Users\snoim\.m2\repository\com\github\docker-java\docker-java-core\3.2.12\docker-java-core-3.2.12.jar;C:\Users\snoim\.m2\repository\com\github\docker-java\docker-java-api\3.2.12\docker-java-api-3.2.12.jar;C:\Users\snoim\.m2\repository\com\fasterxml\jackson\core\jackson-annotations\2.10.3\jackson-annotations-2.10.3.jar;C:\Users\snoim\.m2\repository\org\apache\commons\commons-compress\1.21\commons-compress-1.21.jar;C:\Users\snoim\.m2\repository\commons-lang\commons-lang\2.6\commons-lang-2.6.jar;C:\Users\snoim\.m2\repository\com\fasterxml\jackson\core\jackson-databind\2.10.3\jackson-databind-2.10.3.jar;C:\Users\snoim\.m2\repository\com\fasterxml\jackson\core\jackson-core\2.10.3\jackson-core-2.10.3.jar;C:\Users\snoim\.m2\repository\org\bouncycastle\bcpkix-jdk15on\1.64\bcpkix-jdk15on-1.64.jar;C:\Users\snoim\.m2\repository\org\bouncycastle\bcprov-jdk15on\1.64\bcprov-jdk15on-1.64.jar;C:\Users\snoim\.m2\repository\org\slf4j\jcl-over-slf4j\1.7.30\jcl-over-slf4j-1.7.30.jar;C:\Users\snoim\.m2\repository\com\github\docker-java\docker-java-transport-httpclient5\3.2.12\docker-java-transport-httpclient5-3.2.12.jar;C:\Users\snoim\.m2\repository\com\github\docker-java\docker-java-transport\3.2.12\docker-java-transport-3.2.12.jar;C:\Users\snoim\.m2\repository\org\apache\httpcomponents\client5\httpclient5\5.0.3\httpclient5-5.0.3.jar;C:\Users\snoim\.m2\repository\org\apache\httpcomponents\core5\httpcore5\5.0.2\httpcore5-5.0.2.jar;C:\Users\snoim\.m2\repository\net\java\dev\jna\jna\5.8.0\jna-5.8.0.jar;C:\Users\snoim\.m2\repository\com\google\guava\guava\30.1.1-jre\guava-30.1.1-jre.jar;C:\Users\snoim\.m2\repository\com\google\guava\failureaccess\1.0.1\failureaccess-1.0.1.jar;C:\Users\snoim\.m2\repository\com\google\guava\listenablefuture\9999.0-empty-to-avoid-conflict-with-guava\listenablefuture-9999.0-empty-to-avoid-conflict-with-guava.jar;C:\Users\snoim\.m2\repository\com\google\code\findbugs\jsr305\3.0.2\jsr305-3.0.2.jar;C:\Users\snoim\.m2\repository\org\checkerframework\checker-qual\3.8.0\checker-qual-3.8.0.jar;C:\Users\snoim\.m2\repository\com\google\errorprone\error_prone_annotations\2.5.1\error_prone_annotations-2.5.1.jar;C:\Users\snoim\.m2\repository\com\google\j2objc\j2objc-annotations\1.3\j2objc-annotations-1.3.jar;C:\Users\snoim\.m2\repository\org\brotli\dec\0.1.2\dec-0.1.2.jar;C:\Users\snoim\.m2\repository\sikulix\sikulix-api\2.0.5\sikulix-api-2.0.5.jar;C:\Users\snoim\.m2\repository\com\opencsv\opencsv\5.5\opencsv-5.5.jar;C:\Users\snoim\.m2\repository\org\apache\commons\commons-lang3\3.12.0\commons-lang3-3.12.0.jar;C:\Users\snoim\.m2\repository\org\apache\commons\commons-text\1.9\commons-text-1.9.jar;C:\Users\snoim\.m2\repository\commons-beanutils\commons-beanutils\1.9.4\commons-beanutils-1.9.4.jar;C:\Users\snoim\.m2\repository\commons-logging\commons-logging\1.2\commons-logging-1.2.jar;C:\Users\snoim\.m2\repository\commons-collections\commons-collections\3.2.2\commons-collections-3.2.2.jar;C:\Users\snoim\.m2\repository\org\apache\commons\commons-collections4\4.4\commons-collections4-4.4.jar;C:\Users\snoim\.m2\repository\com\github\stephenc\monte\monte-screen-recorder\0.7.7.0\monte-screen-recorder-0.7.7.0.jar;C:\Users\snoim\.m2\repository\net\sourceforge\javacsv\javacsv\2.0\javacsv-2.0.jar;C:\Users\snoim\.m2\repository\org\seleniumhq\selenium\selenium-java\3.141.59\selenium-java-3.141.59.jar;C:\Users\snoim\.m2\repository\org\seleniumhq\selenium\selenium-chrome-driver\3.141.59\selenium-chrome-driver-3.141.59.jar;C:\Users\snoim\.m2\repository\org\seleniumhq\selenium\selenium-edge-driver\3.141.59\selenium-edge-driver-3.141.59.jar;C:\Users\snoim\.m2\repository\org\seleniumhq\selenium\selenium-firefox-driver\3.141.59\selenium-firefox-driver-3.141.59.jar;C:\Users\snoim\.m2\repository\org\seleniumhq\selenium\selenium-ie-driver\3.141.59\selenium-ie-driver-3.141.59.jar;C:\Users\snoim\.m2\repository\org\seleniumhq\selenium\selenium-opera-driver\3.141.59\selenium-opera-driver-3.141.59.jar;C:\Users\snoim\.m2\repository\org\seleniumhq\selenium\selenium-remote-driver\3.141.59\selenium-remote-driver-3.141.59.jar;C:\Users\snoim\.m2\repository\org\seleniumhq\selenium\selenium-safari-driver\3.141.59\selenium-safari-driver-3.141.59.jar;C:\Users\snoim\.m2\repository\org\seleniumhq\selenium\selenium-support\3.141.59\selenium-support-3.141.59.jar;C:\Users\snoim\.m2\repository\net\bytebuddy\byte-buddy\1.8.15\byte-buddy-1.8.15.jar;C:\Users\snoim\.m2\repository\org\apache\commons\commons-exec\1.3\commons-exec-1.3.jar;C:\Users\snoim\.m2\repository\com\squareup\okhttp3\okhttp\3.11.0\okhttp-3.11.0.jar;C:\Users\snoim\.m2\repository\com\squareup\okio\okio\1.14.0\okio-1.14.0.jar;C:\Users\snoim\.m2\repository\io\appium\java-client\7.2.0\java-client-7.2.0.jar;C:\Users\snoim\.m2\repository\org\apache\httpcomponents\httpclient\4.5.9\httpclient-4.5.9.jar;C:\Users\snoim\.m2\repository\org\apache\httpcomponents\httpcore\4.4.11\httpcore-4.4.11.jar;C:\Users\snoim\.m2\repository\commons-codec\commons-codec\1.11\commons-codec-1.11.jar;C:\Users\snoim\.m2\repository\cglib\cglib\3.2.12\cglib-3.2.12.jar;C:\Users\snoim\.m2\repository\org\ow2\asm\asm\7.1\asm-7.1.jar;C:\Users\snoim\.m2\repository\commons-validator\commons-validator\1.6\commons-validator-1.6.jar;C:\Users\snoim\.m2\repository\commons-digester\commons-digester\1.8.1\commons-digester-1.8.1.jar;C:\Users\snoim\.m2\repository\commons-io\commons-io\2.6\commons-io-2.6.jar;C:\Users\snoim\.m2\repository\org\springframework\spring-context\5.1.8.RELEASE\spring-context-5.1.8.RELEASE.jar;C:\Users\snoim\.m2\repository\org\springframework\spring-aop\5.1.8.RELEASE\spring-aop-5.1.8.RELEASE.jar;C:\Users\snoim\.m2\repository\org\springframework\spring-beans\5.1.8.RELEASE\spring-beans-5.1.8.RELEASE.jar;C:\Users\snoim\.m2\repository\org\springframework\spring-core\5.1.8.RELEASE\spring-core-5.1.8.RELEASE.jar;C:\Users\snoim\.m2\repository\org\springframework\spring-jcl\5.1.8.RELEASE\spring-jcl-5.1.8.RELEASE.jar;C:\Users\snoim\.m2\repository\org\springframework\spring-expression\5.1.8.RELEASE\spring-expression-5.1.8.RELEASE.jar;C:\Users\snoim\.m2\repository\org\aspectj\aspectjweaver\1.9.4\aspectjweaver-1.9.4.jar;C:\Users\snoim\.m2\repository\org\testng\testng\7.4.0\testng-7.4.0.jar;C:\Users\snoim\.m2\repository\com\beust\jcommander\1.78\jcommander-1.78.jar;C:\Users\snoim\.m2\repository\org\webjars\jquery\3.5.1\jquery-3.5.1.jar;C:\Users\snoim\.m2\repository\com\googlecode\json-simple\json-simple\1.1.1\json-simple-1.1.1.jar;C:\Users\snoim\.m2\repository\junit\junit\4.10\junit-4.10.jar;C:\Users\snoim\.m2\repository\io\rest-assured\rest-assured\3.3.0\rest-assured-3.3.0.jar;C:\Users\snoim\.m2\repository\org\codehaus\groovy\groovy\2.4.15\groovy-2.4.15.jar;C:\Users\snoim\.m2\repository\org\codehaus\groovy\groovy-xml\2.4.15\groovy-xml-2.4.15.jar;C:\Users\snoim\.m2\repository\org\apache\httpcomponents\httpmime\4.5.3\httpmime-4.5.3.jar;C:\Users\snoim\.m2\repository\org\hamcrest\hamcrest-core\1.3\hamcrest-core-1.3.jar;C:\Users\snoim\.m2\repository\org\hamcrest\hamcrest-library\1.3\hamcrest-library-1.3.jar;C:\Users\snoim\.m2\repository\org\ccil\cowan\tagsoup\tagsoup\1.2.1\tagsoup-1.2.1.jar;C:\Users\snoim\.m2\repository\io\rest-assured\json-path\3.3.0\json-path-3.3.0.jar;C:\Users\snoim\.m2\repository\org\codehaus\groovy\groovy-json\2.4.15\groovy-json-2.4.15.jar;C:\Users\snoim\.m2\repository\io\rest-assured\rest-assured-common\3.3.0\rest-assured-common-3.3.0.jar;C:\Users\snoim\.m2\repository\io\rest-assured\xml-path\3.3.0\xml-path-3.3.0.jar;C:\Users\snoim\.m2\repository\javax\xml\bind\jaxb-api\2.2.12\jaxb-api-2.2.12.jar;C:\Users\snoim\.m2\repository\com\sun\xml\bind\jaxb-osgi\2.2.10\jaxb-osgi-2.2.10.jar;C:\Users\snoim\.m2\repository\org\apache\sling\org.apache.sling.javax.activation\0.1.0\org.apache.sling.javax.activation-0.1.0.jar;C:\Users\snoim\.m2\repository\javax\activation\activation\1.1.1\activation-1.1.1.jar;C:\Users\snoim\.m2\repository\org\seleniumhq\selenium\selenium-api\3.141.59\selenium-api-3.141.59.jar;C:\Users\snoim\.m2\repository\com\google\auto\auto-common\1.0\auto-common-1.0.jar;C:\Users\snoim\.m2\repository\io\qameta\allure\allure-java-commons\2.16.0\allure-java-commons-2.16.0.jar;C:\Users\snoim\.m2\repository\io\qameta\allure\allure-model\2.16.0\allure-model-2.16.0.jar;C:\Users\snoim\.m2\repository\ru\yandex\qatools\ashot\ashot\1.5.4\ashot-1.5.4.jar;C:\Users\snoim\.m2\repository\mysql\mysql-connector-java\8.0.16\mysql-connector-java-8.0.16.jar;C:\Users\snoim\.m2\repository\com\google\protobuf\protobuf-java\3.6.1\protobuf-java-3.6.1.jar;"/>
    <property name="java.vm.vendor" value="Oracle Corporation"/>
    <property name="sun.arch.data.model" value="64"/>
    <property name="user.variant" value=""/>
    <property name="java.vendor.url" value="http://java.oracle.com/"/>
    <property name="user.timezone" value="Asia/Jerusalem"/>
    <property name="user.country.format" value="IL"/>
    <property name="java.vm.specification.version" value="1.8"/>
    <property name="os.name" value="Windows 10"/>
    <property name="user.country" value="US"/>
    <property name="sun.java.launcher" value="SUN_STANDARD"/>
    <property name="sun.boot.library.path" value="C:\Program Files\Java\jre1.8.0_291\bin"/>
    <property name="sun.java.command" value="C:\Users\snoim\AppData\Local\Temp\surefire3049547441843218585\surefirebooter3502474452512356564.jar C:\Users\snoim\AppData\Local\Temp\surefire3049547441843218585 2021-12-02T11-03-37_566-jvmRun1 surefire5755260764503021241tmp surefire_0582204388290077694tmp"/>
    <property name="surefire.test.class.path" value="C:\Users\snoim\OneDrive\Desktop\Automation\Java_AutomationFinalProject\target\test-classes;C:\Users\snoim\OneDrive\Desktop\Automation\Java_AutomationFinalProject\target\classes;C:\Users\snoim\.m2\repository\io\github\bonigarcia\webdrivermanager\5.0.3\webdrivermanager-5.0.3.jar;C:\Users\snoim\.m2\repository\org\slf4j\slf4j-api\1.7.32\slf4j-api-1.7.32.jar;C:\Users\snoim\.m2\repository\com\google\code\gson\gson\2.8.8\gson-2.8.8.jar;C:\Users\snoim\.m2\repository\org\jsoup\jsoup\1.14.2\jsoup-1.14.2.jar;C:\Users\snoim\.m2\repository\com\github\docker-java\docker-java\3.2.12\docker-java-3.2.12.jar;C:\Users\snoim\.m2\repository\com\github\docker-java\docker-java-core\3.2.12\docker-java-core-3.2.12.jar;C:\Users\snoim\.m2\repository\com\github\docker-java\docker-java-api\3.2.12\docker-java-api-3.2.12.jar;C:\Users\snoim\.m2\repository\com\fasterxml\jackson\core\jackson-annotations\2.10.3\jackson-annotations-2.10.3.jar;C:\Users\snoim\.m2\repository\org\apache\commons\commons-compress\1.21\commons-compress-1.21.jar;C:\Users\snoim\.m2\repository\commons-lang\commons-lang\2.6\commons-lang-2.6.jar;C:\Users\snoim\.m2\repository\com\fasterxml\jackson\core\jackson-databind\2.10.3\jackson-databind-2.10.3.jar;C:\Users\snoim\.m2\repository\com\fasterxml\jackson\core\jackson-core\2.10.3\jackson-core-2.10.3.jar;C:\Users\snoim\.m2\repository\org\bouncycastle\bcpkix-jdk15on\1.64\bcpkix-jdk15on-1.64.jar;C:\Users\snoim\.m2\repository\org\bouncycastle\bcprov-jdk15on\1.64\bcprov-jdk15on-1.64.jar;C:\Users\snoim\.m2\repository\org\slf4j\jcl-over-slf4j\1.7.30\jcl-over-slf4j-1.7.30.jar;C:\Users\snoim\.m2\repository\com\github\docker-java\docker-java-transport-httpclient5\3.2.12\docker-java-transport-httpclient5-3.2.12.jar;C:\Users\snoim\.m2\repository\com\github\docker-java\docker-java-transport\3.2.12\docker-java-transport-3.2.12.jar;C:\Users\snoim\.m2\repository\org\apache\httpcomponents\client5\httpclient5\5.0.3\httpclient5-5.0.3.jar;C:\Users\snoim\.m2\repository\org\apache\httpcomponents\core5\httpcore5\5.0.2\httpcore5-5.0.2.jar;C:\Users\snoim\.m2\repository\net\java\dev\jna\jna\5.8.0\jna-5.8.0.jar;C:\Users\snoim\.m2\repository\com\google\guava\guava\30.1.1-jre\guava-30.1.1-jre.jar;C:\Users\snoim\.m2\repository\com\google\guava\failureaccess\1.0.1\failureaccess-1.0.1.jar;C:\Users\snoim\.m2\repository\com\google\guava\listenablefuture\9999.0-empty-to-avoid-conflict-with-guava\listenablefuture-9999.0-empty-to-avoid-conflict-with-guava.jar;C:\Users\snoim\.m2\repository\com\google\code\findbugs\jsr305\3.0.2\jsr305-3.0.2.jar;C:\Users\snoim\.m2\repository\org\checkerframework\checker-qual\3.8.0\checker-qual-3.8.0.jar;C:\Users\snoim\.m2\repository\com\google\errorprone\error_prone_annotations\2.5.1\error_prone_annotations-2.5.1.jar;C:\Users\snoim\.m2\repository\com\google\j2objc\j2objc-annotations\1.3\j2objc-annotations-1.3.jar;C:\Users\snoim\.m2\repository\org\brotli\dec\0.1.2\dec-0.1.2.jar;C:\Users\snoim\.m2\repository\sikulix\sikulix-api\2.0.5\sikulix-api-2.0.5.jar;C:\Users\snoim\.m2\repository\com\opencsv\opencsv\5.5\opencsv-5.5.jar;C:\Users\snoim\.m2\repository\org\apache\commons\commons-lang3\3.12.0\commons-lang3-3.12.0.jar;C:\Users\snoim\.m2\repository\org\apache\commons\commons-text\1.9\commons-text-1.9.jar;C:\Users\snoim\.m2\repository\commons-beanutils\commons-beanutils\1.9.4\commons-beanutils-1.9.4.jar;C:\Users\snoim\.m2\repository\commons-logging\commons-logging\1.2\commons-logging-1.2.jar;C:\Users\snoim\.m2\repository\commons-collections\commons-collections\3.2.2\commons-collections-3.2.2.jar;C:\Users\snoim\.m2\repository\org\apache\commons\commons-collections4\4.4\commons-collections4-4.4.jar;C:\Users\snoim\.m2\repository\com\github\stephenc\monte\monte-screen-recorder\0.7.7.0\monte-screen-recorder-0.7.7.0.jar;C:\Users\snoim\.m2\repository\net\sourceforge\javacsv\javacsv\2.0\javacsv-2.0.jar;C:\Users\snoim\.m2\repository\org\seleniumhq\selenium\selenium-java\3.141.59\selenium-java-3.141.59.jar;C:\Users\snoim\.m2\repository\org\seleniumhq\selenium\selenium-chrome-driver\3.141.59\selenium-chrome-driver-3.141.59.jar;C:\Users\snoim\.m2\repository\org\seleniumhq\selenium\selenium-edge-driver\3.141.59\selenium-edge-driver-3.141.59.jar;C:\Users\snoim\.m2\repository\org\seleniumhq\selenium\selenium-firefox-driver\3.141.59\selenium-firefox-driver-3.141.59.jar;C:\Users\snoim\.m2\repository\org\seleniumhq\selenium\selenium-ie-driver\3.141.59\selenium-ie-driver-3.141.59.jar;C:\Users\snoim\.m2\repository\org\seleniumhq\selenium\selenium-opera-driver\3.141.59\selenium-opera-driver-3.141.59.jar;C:\Users\snoim\.m2\repository\org\seleniumhq\selenium\selenium-remote-driver\3.141.59\selenium-remote-driver-3.141.59.jar;C:\Users\snoim\.m2\repository\org\seleniumhq\selenium\selenium-safari-driver\3.141.59\selenium-safari-driver-3.141.59.jar;C:\Users\snoim\.m2\repository\org\seleniumhq\selenium\selenium-support\3.141.59\selenium-support-3.141.59.jar;C:\Users\snoim\.m2\repository\net\bytebuddy\byte-buddy\1.8.15\byte-buddy-1.8.15.jar;C:\Users\snoim\.m2\repository\org\apache\commons\commons-exec\1.3\commons-exec-1.3.jar;C:\Users\snoim\.m2\repository\com\squareup\okhttp3\okhttp\3.11.0\okhttp-3.11.0.jar;C:\Users\snoim\.m2\repository\com\squareup\okio\okio\1.14.0\okio-1.14.0.jar;C:\Users\snoim\.m2\repository\io\appium\java-client\7.2.0\java-client-7.2.0.jar;C:\Users\snoim\.m2\repository\org\apache\httpcomponents\httpclient\4.5.9\httpclient-4.5.9.jar;C:\Users\snoim\.m2\repository\org\apache\httpcomponents\httpcore\4.4.11\httpcore-4.4.11.jar;C:\Users\snoim\.m2\repository\commons-codec\commons-codec\1.11\commons-codec-1.11.jar;C:\Users\snoim\.m2\repository\cglib\cglib\3.2.12\cglib-3.2.12.jar;C:\Users\snoim\.m2\repository\org\ow2\asm\asm\7.1\asm-7.1.jar;C:\Users\snoim\.m2\repository\commons-validator\commons-validator\1.6\commons-validator-1.6.jar;C:\Users\snoim\.m2\repository\commons-digester\commons-digester\1.8.1\commons-digester-1.8.1.jar;C:\Users\snoim\.m2\repository\commons-io\commons-io\2.6\commons-io-2.6.jar;C:\Users\snoim\.m2\repository\org\springframework\spring-context\5.1.8.RELEASE\spring-context-5.1.8.RELEASE.jar;C:\Users\snoim\.m2\repository\org\springframework\spring-aop\5.1.8.RELEASE\spring-aop-5.1.8.RELEASE.jar;C:\Users\snoim\.m2\repository\org\springframework\spring-beans\5.1.8.RELEASE\spring-beans-5.1.8.RELEASE.jar;C:\Users\snoim\.m2\repository\org\springframework\spring-core\5.1.8.RELEASE\spring-core-5.1.8.RELEASE.jar;C:\Users\snoim\.m2\repository\org\springframework\spring-jcl\5.1.8.RELEASE\spring-jcl-5.1.8.RELEASE.jar;C:\Users\snoim\.m2\repository\org\springframework\spring-expression\5.1.8.RELEASE\spring-expression-5.1.8.RELEASE.jar;C:\Users\snoim\.m2\repository\org\aspectj\aspectjweaver\1.9.4\aspectjweaver-1.9.4.jar;C:\Users\snoim\.m2\repository\org\testng\testng\7.4.0\testng-7.4.0.jar;C:\Users\snoim\.m2\repository\com\beust\jcommander\1.78\jcommander-1.78.jar;C:\Users\snoim\.m2\repository\org\webjars\jquery\3.5.1\jquery-3.5.1.jar;C:\Users\snoim\.m2\repository\com\googlecode\json-simple\json-simple\1.1.1\json-simple-1.1.1.jar;C:\Users\snoim\.m2\repository\junit\junit\4.10\junit-4.10.jar;C:\Users\snoim\.m2\repository\io\rest-assured\rest-assured\3.3.0\rest-assured-3.3.0.jar;C:\Users\snoim\.m2\repository\org\codehaus\groovy\groovy\2.4.15\groovy-2.4.15.jar;C:\Users\snoim\.m2\repository\org\codehaus\groovy\groovy-xml\2.4.15\groovy-xml-2.4.15.jar;C:\Users\snoim\.m2\repository\org\apache\httpcomponents\httpmime\4.5.3\httpmime-4.5.3.jar;C:\Users\snoim\.m2\repository\org\hamcrest\hamcrest-core\1.3\hamcrest-core-1.3.jar;C:\Users\snoim\.m2\repository\org\hamcrest\hamcrest-library\1.3\hamcrest-library-1.3.jar;C:\Users\snoim\.m2\repository\org\ccil\cowan\tagsoup\tagsoup\1.2.1\tagsoup-1.2.1.jar;C:\Users\snoim\.m2\repository\io\rest-assured\json-path\3.3.0\json-path-3.3.0.jar;C:\Users\snoim\.m2\repository\org\codehaus\groovy\groovy-json\2.4.15\groovy-json-2.4.15.jar;C:\Users\snoim\.m2\repository\io\rest-assured\rest-assured-common\3.3.0\rest-assured-common-3.3.0.jar;C:\Users\snoim\.m2\repository\io\rest-assured\xml-path\3.3.0\xml-path-3.3.0.jar;C:\Users\snoim\.m2\repository\javax\xml\bind\jaxb-api\2.2.12\jaxb-api-2.2.12.jar;C:\Users\snoim\.m2\repository\com\sun\xml\bind\jaxb-osgi\2.2.10\jaxb-osgi-2.2.10.jar;C:\Users\snoim\.m2\repository\org\apache\sling\org.apache.sling.javax.activation\0.1.0\org.apache.sling.javax.activation-0.1.0.jar;C:\Users\snoim\.m2\repository\javax\activation\activation\1.1.1\activation-1.1.1.jar;C:\Users\snoim\.m2\repository\org\seleniumhq\selenium\selenium-api\3.141.59\selenium-api-3.141.59.jar;C:\Users\snoim\.m2\repository\com\google\auto\auto-common\1.0\auto-common-1.0.jar;C:\Users\snoim\.m2\repository\io\qameta\allure\allure-java-commons\2.16.0\allure-java-commons-2.16.0.jar;C:\Users\snoim\.m2\repository\io\qameta\allure\allure-model\2.16.0\allure-model-2.16.0.jar;C:\Users\snoim\.m2\repository\ru\yandex\qatools\ashot\ashot\1.5.4\ashot-1.5.4.jar;C:\Users\snoim\.m2\repository\mysql\mysql-connector-java\8.0.16\mysql-connector-java-8.0.16.jar;C:\Users\snoim\.m2\repository\com\google\protobuf\protobuf-java\3.6.1\protobuf-java-3.6.1.jar;"/>
    <property name="sun.cpu.endian" value="little"/>
    <property name="user.home" value="C:\Users\snoim"/>
    <property name="user.language" value="en"/>
    <property name="java.specification.vendor" value="Oracle Corporation"/>
    <property name="java.home" value="C:\Program Files\Java\jre1.8.0_291"/>
    <property name="basedir" value="C:\Users\snoim\OneDrive\Desktop\Automation\Java_AutomationFinalProject"/>
    <property name="file.separator" value="\"/>
    <property name="line.separator" value="&#10;"/>
    <property name="java.vm.specification.vendor" value="Oracle Corporation"/>
    <property name="java.specification.name" value="Java Platform API Specification"/>
    <property name="java.awt.graphicsenv" value="sun.awt.Win32GraphicsEnvironment"/>
    <property name="surefire.real.class.path" value="C:\Users\snoim\AppData\Local\Temp\surefire3049547441843218585\surefirebooter3502474452512356564.jar;C:\Users\snoim\.m2\repository/org/aspectj/aspectjweaver/1.9.2/aspectjweaver-1.9.2.jar"/>
    <property name="sun.boot.class.path" value="C:\Program Files\Java\jre1.8.0_291\lib\resources.jar;C:\Program Files\Java\jre1.8.0_291\lib\rt.jar;C:\Program Files\Java\jre1.8.0_291\lib\sunrsasign.jar;C:\Program Files\Java\jre1.8.0_291\lib\jsse.jar;C:\Program Files\Java\jre1.8.0_291\lib\jce.jar;C:\Program Files\Java\jre1.8.0_291\lib\charsets.jar;C:\Program Files\Java\jre1.8.0_291\lib\jfr.jar;C:\Program Files\Java\jre1.8.0_291\classes"/>
    <property name="user.script" value=""/>
    <property name="sun.management.compiler" value="HotSpot 64-Bit Tiered Compilers"/>
    <property name="java.runtime.version" value="1.8.0_291-b10"/>
    <property name="user.name" value="snoim"/>
    <property name="path.separator" value=";"/>
    <property name="os.version" value="10.0"/>
    <property name="java.endorsed.dirs" value="C:\Program Files\Java\jre1.8.0_291\lib\endorsed"/>
    <property name="java.runtime.name" value="Java(TM) SE Runtime Environment"/>
    <property name="file.encoding" value="Cp1252"/>
    <property name="java.vm.name" value="Java HotSpot(TM) 64-Bit Server VM"/>
    <property name="localRepository" value="C:\Users\snoim\.m2\repository"/>
    <property name="java.vendor.url.bug" value="http://bugreport.sun.com/bugreport/"/>
    <property name="java.io.tmpdir" value="C:\Users\snoim\AppData\Local\Temp\"/>
    <property name="java.version" value="1.8.0_291"/>
    <property name="user.dir" value="C:\Users\snoim\OneDrive\Desktop\Automation\Java_AutomationFinalProject"/>
    <property name="os.arch" value="amd64"/>
    <property name="java.vm.specification.name" value="Java Virtual Machine Specification"/>
    <property name="java.awt.printerjob" value="sun.awt.windows.WPrinterJob"/>
    <property name="user.language.format" value="he"/>
    <property name="sun.os.patch.level" value=""/>
    <property name="java.library.path" value="C:\Program Files\Java\jre1.8.0_291\bin;C:\windows\Sun\Java\bin;C:\windows\system32;C:\windows;C:\Program Files (x86)\Common Files\Oracle\Java\javapath;C:\ProgramData\Oracle\Java\javapath;C:\windows\system32;C:\windows;C:\windows\System32\Wbem;C:\windows\System32\WindowsPowerShell\v1.0\;C:\windows\System32\OpenSSH\;C:\Program Files\Microsoft SQL Server\130\Tools\Binn\;C:\Program Files\Microsoft SQL Server\Client SDK\ODBC\170\Tools\Binn\;C:\Users\snoim\AppData\Roaming\npm;C:\Program Files\nodejs\;C:\Program Files\Azure Data Studio\bin;C:\Program Files (x86)\Microsoft SQL Server\150\Tools\Binn\;C:\Program Files\Microsoft SQL Server\150\Tools\Binn\;C:\Program Files\Microsoft SQL Server\150\DTS\Binn\;C:\Program Files (x86)\Microsoft SQL Server\150\DTS\Binn\;C:\Program Files\dotnet\;C:\Program Files\Git\cmd;C:\Users\snoim\OneDrive\Desktop\Automation\allure-2.16.1\bin;C:\Program Files (x86)\Windows Kits\10\Windows Performance Toolkit\;C:\Users\snoim\AppData\Local\Programs\Python\Python39\Scripts\;C:\Users\snoim\AppData\Local\Programs\Python\Python39\;C:\Users\snoim\AppData\Local\Microsoft\WindowsApps;C:\Users\snoim\AppData\Local\Programs\Microsoft VS Code\bin;C:\Program Files\JetBrains\PyCharm Community Edition 2020.2.3\bin;;C:\Users\snoim\AppData\Roaming\npm;C:\Program Files\Azure Data Studio\bin;C:\Users\snoim\.dotnet\tools;C:\Users\snoim\AppData\Local\GitHubDesktop\bin;C:\Users\snoim\OneDrive\Desktop\Automation\apache-maven-3.6.3\bin;;."/>
    <property name="java.vm.info" value="mixed mode"/>
    <property name="java.vendor" value="Oracle Corporation"/>
    <property name="java.vm.version" value="25.291-b10"/>
    <property name="java.ext.dirs" value="C:\Program Files\Java\jre1.8.0_291\lib\ext;C:\windows\Sun\Java\lib\ext"/>
    <property name="sun.io.unicode.encoding" value="UnicodeLittle"/>
    <property name="java.class.version" value="52.0"/>
  </properties>
  <testcase name="startSession" classname="Sanity_tests.Calculator_desktop" time="2.714">
    <failure message="Unable to create a new remote session. Please check the server log for more details. Original error: Unable to parse remote response: &lt;html&gt;&#10;&lt;head&gt;&#10;   &lt;title&gt;Status page&lt;/title&gt;&#10;&lt;/head&gt;&#10;&lt;body style=&quot;font-family: sans-serif;&quot;&gt;&#10;&lt;p style=&quot;font-size: 1.2em;font-weight: bold;margin: 1em 0px;&quot;&gt;Not Found&lt;/p&gt;&#10;&lt;p&gt;The server has not found anything matching the request URI&lt;/p&gt;&#10;&lt;p&gt;You can get technical details &lt;a href=&quot;http://www.w3.org/Protocols/rfc2616/rfc2616-sec10.html#sec10.4.5&quot;&gt;here&lt;/a&gt;.&lt;br&gt;&#10;Please continue your visit at our &lt;a href=&quot;/&quot;&gt;home page&lt;/a&gt;.&#10;&lt;/p&gt;&#10;&lt;/body&gt;&#10;&lt;/html&gt;&#10;&#10;Build info: version: &apos;3.141.59&apos;, revision: &apos;e82be7d358&apos;, time: &apos;2018-11-14T08:17:03&apos;&#10;System info: host: &apos;LAPTOP-IQLCMPV6&apos;, ip: &apos;192.168.56.1&apos;, os.name: &apos;Windows 10&apos;, os.arch: &apos;amd64&apos;, os.version: &apos;10.0&apos;, java.version: &apos;1.8.0_291&apos;&#10;Driver info: driver.version: WindowsDriver" type="org.openqa.selenium.SessionNotCreatedException"><![CDATA[org.openqa.selenium.SessionNotCreatedException: 
Unable to create a new remote session. Please check the server log for more details. Original error: Unable to parse remote response: <html>
<head>
   <title>Status page</title>
</head>
<body style="font-family: sans-serif;">
<p style="font-size: 1.2em;font-weight: bold;margin: 1em 0px;">Not Found</p>
<p>The server has not found anything matching the request URI</p>
<p>You can get technical details <a href="http://www.w3.org/Protocols/rfc2616/rfc2616-sec10.html#sec10.4.5">here</a>.<br>
Please continue your visit at our <a href="/">home page</a>.
</p>
</body>
</html>

Build info: version: '3.141.59', revision: 'e82be7d358', time: '2018-11-14T08:17:03'
System info: host: 'LAPTOP-IQLCMPV6', ip: '192.168.56.1', os.name: 'Windows 10', os.arch: 'amd64', os.version: '10.0', java.version: '1.8.0_291'
Driver info: driver.version: WindowsDriver
Caused by: java.lang.reflect.InvocationTargetException
Caused by: org.openqa.selenium.WebDriverException: 
Unable to parse remote response: <html>
<head>
   <title>Status page</title>
</head>
<body style="font-family: sans-serif;">
<p style="font-size: 1.2em;font-weight: bold;margin: 1em 0px;">Not Found</p>
<p>The server has not found anything matching the request URI</p>
<p>You can get technical details <a href="http://www.w3.org/Protocols/rfc2616/rfc2616-sec10.html#sec10.4.5">here</a>.<br>
Please continue your visit at our <a href="/">home page</a>.
</p>
</body>
</html>

Caused by: org.openqa.selenium.json.JsonException: 
Unable to determine type from: <. Last 1 characters read: <
Build info: version: '3.141.59', revision: 'e82be7d358', time: '2018-11-14T08:17:03'
System info: host: 'LAPTOP-IQLCMPV6', ip: '192.168.56.1', os.name: 'Windows 10', os.arch: 'amd64', os.version: '10.0', java.version: '1.8.0_291'
Driver info: driver.version: WindowsDriver
]]></failure>
  </testcase>
  <testcase name="beforeMethod" classname="Sanity_tests.Calculator_desktop" time="0">
    <skipped/>
  </testcase>
  <testcase name="beforeMethod" classname="Sanity_tests.Calculator_desktop" time="0">
    <skipped/>
  </testcase>
  <testcase name="beforeMethod" classname="Sanity_tests.Calculator_desktop" time="0">
    <skipped/>
  </testcase>
  <testcase name="beforeMethod" classname="Sanity_tests.Calculator_desktop" time="0">
    <skipped/>
  </testcase>
  <testcase name="beforeMethod" classname="Sanity_tests.Calculator_desktop" time="0">
    <skipped/>
  </testcase>
  <testcase name="Addition" classname="Sanity_tests.Calculator_desktop" time="0">
    <skipped message="Unable to create a new remote session. Please check the server log for more details. Original error: Unable to parse remote response: &lt;html&gt;&#10;&lt;head&gt;&#10;   &lt;title&gt;Status page&lt;/title&gt;&#10;&lt;/head&gt;&#10;&lt;body style=&quot;font-family: sans-serif;&quot;&gt;&#10;&lt;p style=&quot;font-size: 1.2em;font-weight: bold;margin: 1em 0px;&quot;&gt;Not Found&lt;/p&gt;&#10;&lt;p&gt;The server has not found anything matching the request URI&lt;/p&gt;&#10;&lt;p&gt;You can get technical details &lt;a href=&quot;http://www.w3.org/Protocols/rfc2616/rfc2616-sec10.html#sec10.4.5&quot;&gt;here&lt;/a&gt;.&lt;br&gt;&#10;Please continue your visit at our &lt;a href=&quot;/&quot;&gt;home page&lt;/a&gt;.&#10;&lt;/p&gt;&#10;&lt;/body&gt;&#10;&lt;/html&gt;&#10;&#10;Build info: version: &apos;3.141.59&apos;, revision: &apos;e82be7d358&apos;, time: &apos;2018-11-14T08:17:03&apos;&#10;System info: host: &apos;LAPTOP-IQLCMPV6&apos;, ip: &apos;192.168.56.1&apos;, os.name: &apos;Windows 10&apos;, os.arch: &apos;amd64&apos;, os.version: &apos;10.0&apos;, java.version: &apos;1.8.0_291&apos;&#10;Driver info: driver.version: WindowsDriver"/>
  </testcase>
  <testcase name="afterMethod" classname="Sanity_tests.Calculator_desktop" time="0">
    <skipped/>
  </testcase>
  <testcase name="afterMethod" classname="Sanity_tests.Calculator_desktop" time="0">
    <skipped/>
  </testcase>
  <testcase name="afterMethod" classname="Sanity_tests.Calculator_desktop" time="0">
    <skipped/>
  </testcase>
  <testcase name="afterMethod" classname="Sanity_tests.Calculator_desktop" time="0">
    <skipped/>
  </testcase>
  <testcase name="afterMethod" classname="Sanity_tests.Calculator_desktop" time="0">
    <skipped/>
  </testcase>
  <testcase name="Combination" classname="Sanity_tests.Calculator_desktop" time="0">
    <skipped message="Unable to create a new remote session. Please check the server log for more details. Original error: Unable to parse remote response: &lt;html&gt;&#10;&lt;head&gt;&#10;   &lt;title&gt;Status page&lt;/title&gt;&#10;&lt;/head&gt;&#10;&lt;body style=&quot;font-family: sans-serif;&quot;&gt;&#10;&lt;p style=&quot;font-size: 1.2em;font-weight: bold;margin: 1em 0px;&quot;&gt;Not Found&lt;/p&gt;&#10;&lt;p&gt;The server has not found anything matching the request URI&lt;/p&gt;&#10;&lt;p&gt;You can get technical details &lt;a href=&quot;http://www.w3.org/Protocols/rfc2616/rfc2616-sec10.html#sec10.4.5&quot;&gt;here&lt;/a&gt;.&lt;br&gt;&#10;Please continue your visit at our &lt;a href=&quot;/&quot;&gt;home page&lt;/a&gt;.&#10;&lt;/p&gt;&#10;&lt;/body&gt;&#10;&lt;/html&gt;&#10;&#10;Build info: version: &apos;3.141.59&apos;, revision: &apos;e82be7d358&apos;, time: &apos;2018-11-14T08:17:03&apos;&#10;System info: host: &apos;LAPTOP-IQLCMPV6&apos;, ip: &apos;192.168.56.1&apos;, os.name: &apos;Windows 10&apos;, os.arch: &apos;amd64&apos;, os.version: &apos;10.0&apos;, java.version: &apos;1.8.0_291&apos;&#10;Driver info: driver.version: WindowsDriver"/>
  </testcase>
  <testcase name="Division" classname="Sanity_tests.Calculator_desktop" time="0">
    <skipped message="Unable to create a new remote session. Please check the server log for more details. Original error: Unable to parse remote response: &lt;html&gt;&#10;&lt;head&gt;&#10;   &lt;title&gt;Status page&lt;/title&gt;&#10;&lt;/head&gt;&#10;&lt;body style=&quot;font-family: sans-serif;&quot;&gt;&#10;&lt;p style=&quot;font-size: 1.2em;font-weight: bold;margin: 1em 0px;&quot;&gt;Not Found&lt;/p&gt;&#10;&lt;p&gt;The server has not found anything matching the request URI&lt;/p&gt;&#10;&lt;p&gt;You can get technical details &lt;a href=&quot;http://www.w3.org/Protocols/rfc2616/rfc2616-sec10.html#sec10.4.5&quot;&gt;here&lt;/a&gt;.&lt;br&gt;&#10;Please continue your visit at our &lt;a href=&quot;/&quot;&gt;home page&lt;/a&gt;.&#10;&lt;/p&gt;&#10;&lt;/body&gt;&#10;&lt;/html&gt;&#10;&#10;Build info: version: &apos;3.141.59&apos;, revision: &apos;e82be7d358&apos;, time: &apos;2018-11-14T08:17:03&apos;&#10;System info: host: &apos;LAPTOP-IQLCMPV6&apos;, ip: &apos;192.168.56.1&apos;, os.name: &apos;Windows 10&apos;, os.arch: &apos;amd64&apos;, os.version: &apos;10.0&apos;, java.version: &apos;1.8.0_291&apos;&#10;Driver info: driver.version: WindowsDriver"/>
  </testcase>
  <testcase name="Multiplication" classname="Sanity_tests.Calculator_desktop" time="0">
    <skipped message="Unable to create a new remote session. Please check the server log for more details. Original error: Unable to parse remote response: &lt;html&gt;&#10;&lt;head&gt;&#10;   &lt;title&gt;Status page&lt;/title&gt;&#10;&lt;/head&gt;&#10;&lt;body style=&quot;font-family: sans-serif;&quot;&gt;&#10;&lt;p style=&quot;font-size: 1.2em;font-weight: bold;margin: 1em 0px;&quot;&gt;Not Found&lt;/p&gt;&#10;&lt;p&gt;The server has not found anything matching the request URI&lt;/p&gt;&#10;&lt;p&gt;You can get technical details &lt;a href=&quot;http://www.w3.org/Protocols/rfc2616/rfc2616-sec10.html#sec10.4.5&quot;&gt;here&lt;/a&gt;.&lt;br&gt;&#10;Please continue your visit at our &lt;a href=&quot;/&quot;&gt;home page&lt;/a&gt;.&#10;&lt;/p&gt;&#10;&lt;/body&gt;&#10;&lt;/html&gt;&#10;&#10;Build info: version: &apos;3.141.59&apos;, revision: &apos;e82be7d358&apos;, time: &apos;2018-11-14T08:17:03&apos;&#10;System info: host: &apos;LAPTOP-IQLCMPV6&apos;, ip: &apos;192.168.56.1&apos;, os.name: &apos;Windows 10&apos;, os.arch: &apos;amd64&apos;, os.version: &apos;10.0&apos;, java.version: &apos;1.8.0_291&apos;&#10;Driver info: driver.version: WindowsDriver"/>
  </testcase>
  <testcase name="Subtraction" classname="Sanity_tests.Calculator_desktop" time="0">
    <skipped message="Unable to create a new remote session. Please check the server log for more details. Original error: Unable to parse remote response: &lt;html&gt;&#10;&lt;head&gt;&#10;   &lt;title&gt;Status page&lt;/title&gt;&#10;&lt;/head&gt;&#10;&lt;body style=&quot;font-family: sans-serif;&quot;&gt;&#10;&lt;p style=&quot;font-size: 1.2em;font-weight: bold;margin: 1em 0px;&quot;&gt;Not Found&lt;/p&gt;&#10;&lt;p&gt;The server has not found anything matching the request URI&lt;/p&gt;&#10;&lt;p&gt;You can get technical details &lt;a href=&quot;http://www.w3.org/Protocols/rfc2616/rfc2616-sec10.html#sec10.4.5&quot;&gt;here&lt;/a&gt;.&lt;br&gt;&#10;Please continue your visit at our &lt;a href=&quot;/&quot;&gt;home page&lt;/a&gt;.&#10;&lt;/p&gt;&#10;&lt;/body&gt;&#10;&lt;/html&gt;&#10;&#10;Build info: version: &apos;3.141.59&apos;, revision: &apos;e82be7d358&apos;, time: &apos;2018-11-14T08:17:03&apos;&#10;System info: host: &apos;LAPTOP-IQLCMPV6&apos;, ip: &apos;192.168.56.1&apos;, os.name: &apos;Windows 10&apos;, os.arch: &apos;amd64&apos;, os.version: &apos;10.0&apos;, java.version: &apos;1.8.0_291&apos;&#10;Driver info: driver.version: WindowsDriver"/>
  </testcase>
  <testcase name="closeSession" classname="Sanity_tests.Calculator_desktop" time="0">
    <skipped/>
  </testcase>
</testsuite>