<?xml version="1.0" encoding="UTF-8"?>
<!-- Generated by org.testng.reporters.JUnitReportReporter -->
<testsuite skipped="0" hostname="LAPTOP-IQLCMPV6" name="Sanity_tests.Grafana_web" tests="5" failures="0" timestamp="2021-12-02T11:02:05 IST" time="23.192" errors="0">
  <testcase name="login" time="3.531" classname="Sanity_tests.Grafana_web"/>
  <system-out/>
  <testcase name="verify_plugin_searching_result" time="13.038" classname="Sanity_tests.Grafana_web"/>
  <system-out/>
  <testcase name="verify_users_details" time="1.272" classname="Sanity_tests.Grafana_web"/>
  <system-out/>
  <testcase name="change_to_light_background_color" time="2.014" classname="Sanity_tests.Grafana_web"/>
  <system-out/>
  <testcase name="test_logout" time="3.337" classname="Sanity_tests.Grafana_web"/>
  <system-out/>
</testsuite> <!-- Sanity_tests.Grafana_web -->
