<?xml version="1.0" encoding="UTF-8"?>
<!-- Generated by org.testng.reporters.JUnitReportReporter -->
<testsuite skipped="0" hostname="LAPTOP-IQLCMPV6" name="Sanity_tests.ukMortgageCalc_mobile" tests="3" failures="0" timestamp="2021-12-02T11:03:07 IST" time="12.370" errors="0">
  <testcase name="Calculate_Values" time="7.711" classname="Sanity_tests.ukMortgageCalc_mobile"/>
  <system-out/>
  <testcase name="verifyValues" time="0.714" classname="Sanity_tests.ukMortgageCalc_mobile"/>
  <system-out/>
  <testcase name="Delete_ASSIGMENT" time="3.945" classname="Sanity_tests.ukMortgageCalc_mobile"/>
  <system-out/>
</testsuite> <!-- Sanity_tests.ukMortgageCalc_mobile -->
