<?xml version="1.0" encoding="UTF-8"?>
<!-- Generated by org.testng.reporters.JUnitReportReporter -->
<testsuite skipped="0" hostname="LAPTOP-IQLCMPV6" name="Sanity_tests.TodoList_electron" tests="4" failures="0" timestamp="2021-12-02T11:03:30 IST" time="3.231" errors="0">
  <testcase name="Create" time="1.947" classname="Sanity_tests.TodoList_electron"/>
  <system-out/>
  <testcase name="Delete" time="0.247" classname="Sanity_tests.TodoList_electron"/>
  <system-out/>
  <testcase name="Change" time="0.621" classname="Sanity_tests.TodoList_electron"/>
  <system-out/>
  <testcase name="Completed" time="0.416" classname="Sanity_tests.TodoList_electron"/>
  <system-out/>
</testsuite> <!-- Sanity_tests.TodoList_electron -->
